<?xml version="1.0" encoding="UTF-8"?>
<coverage generated="1596116469814" clover="3.2.0">
  <project timestamp="1596116469814" name="All files">
    <metrics statements="86" coveredstatements="85" conditionals="30" coveredconditionals="24" methods="17" coveredmethods="17" elements="133" coveredelements="126" complexity="0" loc="86" ncloc="86" packages="2" files="6" classes="6"/>
    <package name="src">
      <metrics statements="38" coveredstatements="37" conditionals="12" coveredconditionals="11" methods="8" coveredmethods="8"/>
      <file name="constants.ts" path="/Users/heuels/Repositories/Osome/actions/packages/get-deployment-stages/src/constants.ts">
        <metrics statements="2" coveredstatements="2" conditionals="0" coveredconditionals="0" methods="0" coveredmethods="0"/>
        <line num="1" count="1" type="stmt"/>
        <line num="15" count="1" type="stmt"/>
      </file>
      <file name="index.ts" path="/Users/heuels/Repositories/Osome/actions/packages/get-deployment-stages/src/index.ts">
        <metrics statements="18" coveredstatements="17" conditionals="6" coveredconditionals="5" methods="1" coveredmethods="1"/>
        <line num="1" count="1" type="stmt"/>
        <line num="2" count="1" type="stmt"/>
        <line num="4" count="1" type="stmt"/>
        <line num="5" count="1" type="stmt"/>
        <line num="6" count="1" type="stmt"/>
        <line num="7" count="1" type="stmt"/>
        <line num="10" count="10" type="stmt"/>
        <line num="14" count="10" type="stmt"/>
        <line num="16" count="10" type="stmt"/>
        <line num="18" count="10" type="stmt"/>
        <line num="20" count="5" type="stmt"/>
        <line num="22" count="1" type="stmt"/>
        <line num="24" count="3" type="stmt"/>
        <line num="26" count="1" type="stmt"/>
        <line num="29" count="1" type="stmt"/>
        <line num="34" count="1" type="cond" truecount="1" falsecount="1"/>
        <line num="35" count="0" type="stmt"/>
        <line num="38" count="1" type="stmt"/>
      </file>
      <file name="utils.ts" path="/Users/heuels/Repositories/Osome/actions/packages/get-deployment-stages/src/utils.ts">
        <metrics statements="18" coveredstatements="18" conditionals="6" coveredconditionals="6" methods="7" coveredmethods="7"/>
        <line num="2" count="1" type="stmt"/>
        <line num="4" count="1" type="stmt"/>
        <line num="7" count="1" type="stmt"/>
        <line num="8" count="10" type="stmt"/>
        <line num="10" count="10" type="cond" truecount="2" falsecount="0"/>
        <line num="11" count="5" type="stmt"/>
        <line num="14" count="5" type="cond" truecount="2" falsecount="0"/>
        <line num="15" count="1" type="stmt"/>
        <line num="18" count="4" type="cond" truecount="2" falsecount="0"/>
        <line num="19" count="3" type="stmt"/>
        <line num="22" count="1" type="stmt"/>
        <line num="25" count="1" type="stmt"/>
        <line num="26" count="8" type="stmt"/>
        <line num="27" count="10" type="stmt"/>
        <line num="38" count="8" type="stmt"/>
        <line num="41" count="4" type="stmt"/>
        <line num="42" count="17" type="stmt"/>
        <line num="43" count="10" type="stmt"/>
      </file>
    </package>
    <package name="src.events">
      <metrics statements="48" coveredstatements="48" conditionals="18" coveredconditionals="13" methods="9" coveredmethods="9"/>
      <file name="pull_request.ts" path="/Users/heuels/Repositories/Osome/actions/packages/get-deployment-stages/src/events/pull_request.ts">
        <metrics statements="31" coveredstatements="31" conditionals="10" coveredconditionals="7" methods="6" coveredmethods="6"/>
        <line num="1" count="1" type="stmt"/>
        <line num="2" count="1" type="stmt"/>
        <line num="6" count="1" type="stmt"/>
        <line num="7" count="1" type="stmt"/>
        <line num="9" count="1" type="stmt"/>
        <line num="10" count="5" type="stmt"/>
        <line num="12" count="5" type="cond" truecount="2" falsecount="0"/>
        <line num="13" count="1" type="stmt"/>
        <line num="16" count="4" type="stmt"/>
        <line num="19" count="1" type="stmt"/>
        <line num="25" count="4" type="stmt"/>
        <line num="27" count="4" type="stmt"/>
        <line num="28" count="5" type="stmt"/>
        <line num="29" count="5" type="cond" truecount="2" falsecount="0"/>
        <line num="32" count="4" type="cond" truecount="2" falsecount="0"/>
        <line num="33" count="2" type="stmt"/>
        <line num="37" count="2" type="stmt"/>
        <line num="38" count="2" type="stmt"/>
        <line num="41" count="1" type="stmt"/>
        <line num="46" count="1" type="stmt"/>
        <line num="47" count="1" type="stmt"/>
        <line num="49" count="1" type="stmt"/>
        <line num="50" count="1" type="stmt"/>
        <line num="52" count="1" type="stmt"/>
        <line num="53" count="1" type="cond" truecount="0" falsecount="1"/>
        <line num="58" count="2" type="stmt"/>
        <line num="60" count="1" type="stmt"/>
        <line num="61" count="1" type="cond" truecount="0" falsecount="1"/>
        <line num="68" count="1" type="cond" truecount="1" falsecount="1"/>
        <line num="69" count="1" type="stmt"/>
        <line num="73" count="1" type="stmt"/>
      </file>
      <file name="push.ts" path="/Users/heuels/Repositories/Osome/actions/packages/get-deployment-stages/src/events/push.ts">
        <metrics statements="6" coveredstatements="6" conditionals="2" coveredconditionals="1" methods="1" coveredmethods="1"/>
        <line num="1" count="1" type="stmt"/>
        <line num="5" count="1" type="stmt"/>
        <line num="7" count="1" type="stmt"/>
        <line num="8" count="1" type="stmt"/>
        <line num="10" count="1" type="cond" truecount="1" falsecount="1"/>
        <line num="11" count="1" type="stmt"/>
      </file>
      <file name="workflow_dispatch.ts" path="/Users/heuels/Repositories/Osome/actions/packages/get-deployment-stages/src/events/workflow_dispatch.ts">
        <metrics statements="11" coveredstatements="11" conditionals="6" coveredconditionals="5" methods="2" coveredmethods="2"/>
        <line num="1" count="1" type="stmt"/>
        <line num="5" count="1" type="stmt"/>
        <line num="6" count="1" type="stmt"/>
        <line num="8" count="1" type="stmt"/>
        <line num="9" count="3" type="stmt"/>
        <line num="13" count="3" type="stmt"/>
        <line num="14" count="33" type="stmt"/>
        <line num="16" count="3" type="cond" truecount="4" falsecount="0"/>
        <line num="17" count="1" type="stmt"/>
        <line num="20" count="2" type="cond" truecount="1" falsecount="1"/>
        <line num="21" count="2" type="stmt"/>
      </file>
    </package>
  </project>
</coverage>
