{"/Users/heuels/Repositories/Osome/actions/packages/get-deployment-stages/src/constants.ts": {"path":"/Users/heuels/Repositories/Osome/actions/packages/get-deployment-stages/src/constants.ts","statementMap":{"0":{"start":{"line":1,"column":13},"end":{"line":13,"column":2}},"1":{"start":{"line":15,"column":13},"end":{"line":15,"column":45}}},"fnMap":{},"branchMap":{},"s":{"0":1,"1":1},"f":{},"b":{}}
,"/Users/heuels/Repositories/Osome/actions/packages/get-deployment-stages/src/index.ts": {"path":"/Users/heuels/Repositories/Osome/actions/packages/get-deployment-stages/src/index.ts","statementMap":{"0":{"start":{"line":1,"column":0},"end":{"line":1,"column":38}},"1":{"start":{"line":2,"column":0},"end":{"line":2,"column":42}},"2":{"start":{"line":4,"column":0},"end":{"line":4,"column":60}},"3":{"start":{"line":5,"column":0},"end":{"line":5,"column":45}},"4":{"start":{"line":6,"column":0},"end":{"line":6,"column":70}},"5":{"start":{"line":7,"column":0},"end":{"line":7,"column":35}},"6":{"start":{"line":10,"column":2},"end":{"line":30,"column":null}},"7":{"start":{"line":14,"column":8},"end":{"line":14,"column":14}},"8":{"start":{"line":16,"column":18},"end":{"line":16,"column":43}},"9":{"start":{"line":18,"column":4},"end":{"line":27,"column":null}},"10":{"start":{"line":20,"column":8},"end":{"line":20,"column":45}},"11":{"start":{"line":22,"column":8},"end":{"line":22,"column":38}},"12":{"start":{"line":24,"column":8},"end":{"line":24,"column":50}},"13":{"start":{"line":26,"column":8},"end":{"line":26,"column":50}},"14":{"start":{"line":29,"column":4},"end":{"line":29,"column":34}},"15":{"start":{"line":34,"column":0},"end":{"line":36,"column":null}},"16":{"start":{"line":35,"column":2},"end":{"line":35,"column":8}},"17":{"start":{"line":38,"column":0},"end":{"line":38,"column":19}}},"fnMap":{"0":{"name":"run","decl":{"start":{"line":9,"column":15},"end":{"line":9,"column":18}},"loc":{"start":{"line":9,"column":18},"end":{"line":31,"column":1}}}},"branchMap":{"0":{"loc":{"start":{"line":19,"column":6},"end":{"line":20,"column":45}},"type":"switch","locations":[{"start":{"line":19,"column":6},"end":{"line":20,"column":45}},{"start":{"line":21,"column":6},"end":{"line":22,"column":38}},{"start":{"line":23,"column":6},"end":{"line":24,"column":50}},{"start":{"line":25,"column":6},"end":{"line":26,"column":50}}]},"1":{"loc":{"start":{"line":34,"column":0},"end":{"line":36,"column":null}},"type":"if","locations":[{"start":{"line":34,"column":0},"end":{"line":36,"column":null}},{"start":{"line":34,"column":0},"end":{"line":36,"column":null}}]}},"s":{"0":1,"1":1,"2":1,"3":1,"4":1,"5":1,"6":10,"7":10,"8":10,"9":10,"10":5,"11":1,"12":3,"13":1,"14":1,"15":1,"16":0,"17":1},"f":{"0":10},"b":{"0":[5,1,3,1],"1":[0,1]}}
,"/Users/heuels/Repositories/Osome/actions/packages/get-deployment-stages/src/utils.ts": {"path":"/Users/heuels/Repositories/Osome/actions/packages/get-deployment-stages/src/utils.ts","statementMap":{"0":{"start":{"line":2,"column":0},"end":{"line":2,"column":36}},"1":{"start":{"line":4,"column":0},"end":{"line":4,"column":43}},"2":{"start":{"line":7,"column":13},"end":{"line":23,"column":2}},"3":{"start":{"line":8,"column":16},"end":{"line":8,"column":113}},"4":{"start":{"line":8,"column":83},"end":{"line":8,"column":112}},"5":{"start":{"line":10,"column":2},"end":{"line":12,"column":null}},"6":{"start":{"line":11,"column":4},"end":{"line":11,"column":55}},"7":{"start":{"line":14,"column":2},"end":{"line":16,"column":null}},"8":{"start":{"line":15,"column":4},"end":{"line":15,"column":48}},"9":{"start":{"line":18,"column":2},"end":{"line":20,"column":null}},"10":{"start":{"line":19,"column":4},"end":{"line":19,"column":24}},"11":{"start":{"line":22,"column":2},"end":{"line":22,"column":15}},"12":{"start":{"line":25,"column":13},"end":{"line":39,"column":2}},"13":{"start":{"line":26,"column":23},"end":{"line":35,"column":null}},"14":{"start":{"line":27,"column":19},"end":{"line":34,"column":null}},"15":{"start":{"line":38,"column":2},"end":{"line":38,"column":38}},"16":{"start":{"line":41,"column":13},"end":{"line":41,"column":69}},"17":{"start":{"line":41,"column":41},"end":{"line":41,"column":68}},"18":{"start":{"line":42,"column":13},"end":{"line":42,"column":69}},"19":{"start":{"line":42,"column":48},"end":{"line":42,"column":68}},"20":{"start":{"line":43,"column":13},"end":{"line":43,"column":89}},"21":{"start":{"line":43,"column":47},"end":{"line":43,"column":88}}},"fnMap":{"0":{"name":"(anonymous_0)","decl":{"start":{"line":7,"column":24},"end":{"line":7,"column":29}},"loc":{"start":{"line":7,"column":52},"end":{"line":23,"column":1}}},"1":{"name":"(anonymous_1)","decl":{"start":{"line":8,"column":71},"end":{"line":8,"column":72}},"loc":{"start":{"line":8,"column":83},"end":{"line":8,"column":112}}},"2":{"name":"(anonymous_2)","decl":{"start":{"line":25,"column":30},"end":{"line":25,"column":31}},"loc":{"start":{"line":25,"column":49},"end":{"line":39,"column":1}}},"3":{"name":"(anonymous_3)","decl":{"start":{"line":27,"column":4},"end":{"line":27,"column":5}},"loc":{"start":{"line":27,"column":19},"end":{"line":34,"column":null}}},"4":{"name":"(anonymous_4)","decl":{"start":{"line":41,"column":24},"end":{"line":41,"column":25}},"loc":{"start":{"line":41,"column":41},"end":{"line":41,"column":68}}},"5":{"name":"(anonymous_5)","decl":{"start":{"line":42,"column":31},"end":{"line":42,"column":32}},"loc":{"start":{"line":42,"column":48},"end":{"line":42,"column":68}}},"6":{"name":"(anonymous_6)","decl":{"start":{"line":43,"column":30},"end":{"line":43,"column":31}},"loc":{"start":{"line":43,"column":47},"end":{"line":43,"column":88}}}},"branchMap":{"0":{"loc":{"start":{"line":10,"column":2},"end":{"line":12,"column":null}},"type":"if","locations":[{"start":{"line":10,"column":2},"end":{"line":12,"column":null}},{"start":{"line":10,"column":2},"end":{"line":12,"column":null}}]},"1":{"loc":{"start":{"line":14,"column":2},"end":{"line":16,"column":null}},"type":"if","locations":[{"start":{"line":14,"column":2},"end":{"line":16,"column":null}},{"start":{"line":14,"column":2},"end":{"line":16,"column":null}}]},"2":{"loc":{"start":{"line":18,"column":2},"end":{"line":20,"column":null}},"type":"if","locations":[{"start":{"line":18,"column":2},"end":{"line":20,"column":null}},{"start":{"line":18,"column":2},"end":{"line":20,"column":null}}]}},"s":{"0":1,"1":1,"2":1,"3":10,"4":10,"5":10,"6":5,"7":5,"8":1,"9":4,"10":3,"11":1,"12":1,"13":8,"14":10,"15":8,"16":1,"17":4,"18":1,"19":17,"20":1,"21":10},"f":{"0":10,"1":10,"2":8,"3":10,"4":4,"5":17,"6":10},"b":{"0":[5,5],"1":[1,4],"2":[3,1]}}
,"/Users/heuels/Repositories/Osome/actions/packages/get-deployment-stages/src/events/pull_request.ts": {"path":"/Users/heuels/Repositories/Osome/actions/packages/get-deployment-stages/src/events/pull_request.ts","statementMap":{"0":{"start":{"line":1,"column":0},"end":{"line":1,"column":38}},"1":{"start":{"line":2,"column":0},"end":{"line":2,"column":42}},"2":{"start":{"line":6,"column":0},"end":{"line":6,"column":54}},"3":{"start":{"line":7,"column":0},"end":{"line":7,"column":59}},"4":{"start":{"line":9,"column":13},"end":{"line":17,"column":2}},"5":{"start":{"line":10,"column":21},"end":{"line":10,"column":26}},"6":{"start":{"line":12,"column":2},"end":{"line":14,"column":null}},"7":{"start":{"line":13,"column":4},"end":{"line":13,"column":47}},"8":{"start":{"line":16,"column":2},"end":{"line":16,"column":39}},"9":{"start":{"line":19,"column":22},"end":{"line":39,"column":1}},"10":{"start":{"line":25,"column":6},"end":{"line":25,"column":11}},"11":{"start":{"line":27,"column":17},"end":{"line":29,"column":58}},"12":{"start":{"line":28,"column":34},"end":{"line":28,"column":57}},"13":{"start":{"line":29,"column":23},"end":{"line":29,"column":57}},"14":{"start":{"line":32,"column":2},"end":{"line":34,"column":null}},"15":{"start":{"line":33,"column":4},"end":{"line":33,"column":60}},"16":{"start":{"line":37,"column":17},"end":{"line":37,"column":59}},"17":{"start":{"line":38,"column":2},"end":{"line":38,"column":58}},"18":{"start":{"line":41,"column":28},"end":{"line":74,"column":1}},"19":{"start":{"line":46,"column":6},"end":{"line":46,"column":11}},"20":{"start":{"line":47,"column":19},"end":{"line":47,"column":26}},"21":{"start":{"line":49,"column":16},"end":{"line":49,"column":58}},"22":{"start":{"line":50,"column":18},"end":{"line":50,"column":42}},"23":{"start":{"line":52,"column":27},"end":{"line":52,"column":29}},"24":{"start":{"line":53,"column":37},"end":{"line":57,"column":4}},"25":{"start":{"line":58,"column":32},"end":{"line":58,"column":100}},"26":{"start":{"line":58,"column":67},"end":{"line":58,"column":99}},"27":{"start":{"line":60,"column":2},"end":{"line":71,"column":null}},"28":{"start":{"line":61,"column":36},"end":{"line":66,"column":6}},"29":{"start":{"line":68,"column":4},"end":{"line":70,"column":null}},"30":{"start":{"line":69,"column":6},"end":{"line":69,"column":31}},"31":{"start":{"line":73,"column":2},"end":{"line":73,"column":58}}},"fnMap":{"0":{"name":"(anonymous_0)","decl":{"start":{"line":9,"column":18},"end":{"line":9,"column":23}},"loc":{"start":{"line":9,"column":88},"end":{"line":17,"column":1}}},"1":{"name":"(anonymous_1)","decl":{"start":{"line":19,"column":22},"end":{"line":19,"column":27}},"loc":{"start":{"line":19,"column":92},"end":{"line":39,"column":1}}},"2":{"name":"(anonymous_2)","decl":{"start":{"line":28,"column":9},"end":{"line":28,"column":10}},"loc":{"start":{"line":28,"column":34},"end":{"line":28,"column":57}}},"3":{"name":"(anonymous_3)","decl":{"start":{"line":29,"column":12},"end":{"line":29,"column":13}},"loc":{"start":{"line":29,"column":23},"end":{"line":29,"column":57}}},"4":{"name":"(anonymous_4)","decl":{"start":{"line":41,"column":28},"end":{"line":41,"column":33}},"loc":{"start":{"line":41,"column":98},"end":{"line":74,"column":1}}},"5":{"name":"(anonymous_5)","decl":{"start":{"line":58,"column":51},"end":{"line":58,"column":52}},"loc":{"start":{"line":58,"column":67},"end":{"line":58,"column":99}}}},"branchMap":{"0":{"loc":{"start":{"line":12,"column":2},"end":{"line":14,"column":null}},"type":"if","locations":[{"start":{"line":12,"column":2},"end":{"line":14,"column":null}},{"start":{"line":12,"column":2},"end":{"line":14,"column":null}}]},"1":{"loc":{"start":{"line":29,"column":23},"end":{"line":29,"column":30}},"type":"binary-expr","locations":[{"start":{"line":29,"column":23},"end":{"line":29,"column":30}},{"start":{"line":29,"column":34},"end":{"line":29,"column":57}}]},"2":{"loc":{"start":{"line":32,"column":2},"end":{"line":34,"column":null}},"type":"if","locations":[{"start":{"line":32,"column":2},"end":{"line":34,"column":null}},{"start":{"line":32,"column":2},"end":{"line":34,"column":null}}]},"3":{"loc":{"start":{"line":53,"column":30},"end":{"line":53,"column":32}},"type":"default-arg","locations":[{"start":{"line":53,"column":30},"end":{"line":53,"column":32}}]},"4":{"loc":{"start":{"line":61,"column":29},"end":{"line":61,"column":31}},"type":"default-arg","locations":[{"start":{"line":61,"column":29},"end":{"line":61,"column":31}}]},"5":{"loc":{"start":{"line":68,"column":4},"end":{"line":70,"column":null}},"type":"if","locations":[{"start":{"line":68,"column":4},"end":{"line":70,"column":null}},{"start":{"line":68,"column":4},"end":{"line":70,"column":null}}]}},"s":{"0":1,"1":1,"2":1,"3":1,"4":1,"5":5,"6":5,"7":1,"8":4,"9":1,"10":4,"11":4,"12":5,"13":5,"14":4,"15":2,"16":2,"17":2,"18":1,"19":1,"20":1,"21":1,"22":1,"23":1,"24":1,"25":1,"26":2,"27":1,"28":1,"29":1,"30":1,"31":1},"f":{"0":5,"1":4,"2":5,"3":5,"4":1,"5":2},"b":{"0":[1,4],"1":[5,5],"2":[2,2],"3":[0],"4":[0],"5":[1,0]}}
,"/Users/heuels/Repositories/Osome/actions/packages/get-deployment-stages/src/events/push.ts": {"path":"/Users/heuels/Repositories/Osome/actions/packages/get-deployment-stages/src/events/push.ts","statementMap":{"0":{"start":{"line":1,"column":0},"end":{"line":1,"column":38}},"1":{"start":{"line":5,"column":0},"end":{"line":5,"column":52}},"2":{"start":{"line":7,"column":13},"end":{"line":13,"column":2}},"3":{"start":{"line":8,"column":18},"end":{"line":8,"column":25}},"4":{"start":{"line":10,"column":2},"end":{"line":12,"column":null}},"5":{"start":{"line":11,"column":4},"end":{"line":11,"column":63}}},"fnMap":{"0":{"name":"(anonymous_0)","decl":{"start":{"line":7,"column":18},"end":{"line":7,"column":23}},"loc":{"start":{"line":7,"column":81},"end":{"line":13,"column":1}}}},"branchMap":{"0":{"loc":{"start":{"line":10,"column":2},"end":{"line":12,"column":null}},"type":"if","locations":[{"start":{"line":10,"column":2},"end":{"line":12,"column":null}},{"start":{"line":10,"column":2},"end":{"line":12,"column":null}}]}},"s":{"0":1,"1":1,"2":1,"3":1,"4":1,"5":1},"f":{"0":1},"b":{"0":[1,0]}}
,"/Users/heuels/Repositories/Osome/actions/packages/get-deployment-stages/src/events/workflow_dispatch.ts": {"path":"/Users/heuels/Repositories/Osome/actions/packages/get-deployment-stages/src/events/workflow_dispatch.ts","statementMap":{"0":{"start":{"line":1,"column":0},"end":{"line":1,"column":38}},"1":{"start":{"line":5,"column":0},"end":{"line":5,"column":44}},"2":{"start":{"line":6,"column":0},"end":{"line":6,"column":69}},"3":{"start":{"line":8,"column":13},"end":{"line":23,"column":2}},"4":{"start":{"line":9,"column":18},"end":{"line":9,"column":25}},"5":{"start":{"line":13,"column":24},"end":{"line":13,"column":84}},"6":{"start":{"line":14,"column":17},"end":{"line":14,"column":85}},"7":{"start":{"line":14,"column":63},"end":{"line":14,"column":84}},"8":{"start":{"line":16,"column":2},"end":{"line":18,"column":null}},"9":{"start":{"line":17,"column":4},"end":{"line":17,"column":78}},"10":{"start":{"line":20,"column":2},"end":{"line":22,"column":null}},"11":{"start":{"line":21,"column":4},"end":{"line":21,"column":60}}},"fnMap":{"0":{"name":"(anonymous_0)","decl":{"start":{"line":8,"column":18},"end":{"line":8,"column":23}},"loc":{"start":{"line":8,"column":93},"end":{"line":23,"column":1}}},"1":{"name":"(anonymous_1)","decl":{"start":{"line":14,"column":52},"end":{"line":14,"column":53}},"loc":{"start":{"line":14,"column":63},"end":{"line":14,"column":84}}}},"branchMap":{"0":{"loc":{"start":{"line":16,"column":2},"end":{"line":18,"column":null}},"type":"if","locations":[{"start":{"line":16,"column":2},"end":{"line":18,"column":null}},{"start":{"line":16,"column":2},"end":{"line":18,"column":null}}]},"1":{"loc":{"start":{"line":16,"column":6},"end":{"line":16,"column":20}},"type":"binary-expr","locations":[{"start":{"line":16,"column":6},"end":{"line":16,"column":20}},{"start":{"line":16,"column":24},"end":{"line":16,"column":52}}]},"2":{"loc":{"start":{"line":20,"column":2},"end":{"line":22,"column":null}},"type":"if","locations":[{"start":{"line":20,"column":2},"end":{"line":22,"column":null}},{"start":{"line":20,"column":2},"end":{"line":22,"column":null}}]}},"s":{"0":1,"1":1,"2":1,"3":1,"4":3,"5":3,"6":3,"7":33,"8":3,"9":1,"10":2,"11":2},"f":{"0":3,"1":33},"b":{"0":[1,2],"1":[3,2],"2":[2,0]}}
}
