TN:
SF:src/constants.ts
FNF:0
FNH:0
DA:1,1
DA:15,1
LF:2
LH:2
BRF:0
BRH:0
end_of_record
TN:
SF:src/index.ts
FN:9,run
FNF:1
FNH:1
FNDA:10,run
DA:1,1
DA:2,1
DA:4,1
DA:5,1
DA:6,1
DA:7,1
DA:10,10
DA:14,10
DA:16,10
DA:18,10
DA:20,5
DA:22,1
DA:24,3
DA:26,1
DA:29,1
DA:34,1
DA:35,0
DA:38,1
LF:18
LH:17
BRDA:19,0,0,5
BRDA:19,0,1,1
BRDA:19,0,2,3
BRDA:19,0,3,1
BRDA:34,1,0,0
BRDA:34,1,1,1
BRF:6
BRH:5
end_of_record
TN:
SF:src/utils.ts
FN:7,(anonymous_0)
FN:8,(anonymous_1)
FN:25,(anonymous_2)
FN:27,(anonymous_3)
FN:41,(anonymous_4)
FN:42,(anonymous_5)
FN:43,(anonymous_6)
FNF:7
FNH:7
FNDA:10,(anonymous_0)
FNDA:10,(anonymous_1)
FNDA:8,(anonymous_2)
FNDA:10,(anonymous_3)
FNDA:4,(anonymous_4)
FNDA:17,(anonymous_5)
FNDA:10,(anonymous_6)
DA:2,1
DA:4,1
DA:7,1
DA:8,10
DA:10,10
DA:11,5
DA:14,5
DA:15,1
DA:18,4
DA:19,3
DA:22,1
DA:25,1
DA:26,8
DA:27,10
DA:38,8
DA:41,4
DA:42,17
DA:43,10
LF:18
LH:18
BRDA:10,0,0,5
BRDA:10,0,1,5
BRDA:14,1,0,1
BRDA:14,1,1,4
BRDA:18,2,0,3
BRDA:18,2,1,1
BRF:6
BRH:6
end_of_record
TN:
SF:src/events/pull_request.ts
FN:9,(anonymous_0)
FN:19,(anonymous_1)
FN:28,(anonymous_2)
FN:29,(anonymous_3)
FN:41,(anonymous_4)
FN:58,(anonymous_5)
FNF:6
FNH:6
FNDA:5,(anonymous_0)
FNDA:4,(anonymous_1)
FNDA:5,(anonymous_2)
FNDA:5,(anonymous_3)
FNDA:1,(anonymous_4)
FNDA:2,(anonymous_5)
DA:1,1
DA:2,1
DA:6,1
DA:7,1
DA:9,1
DA:10,5
DA:12,5
DA:13,1
DA:16,4
DA:19,1
DA:25,4
DA:27,4
DA:28,5
DA:29,5
DA:32,4
DA:33,2
DA:37,2
DA:38,2
DA:41,1
DA:46,1
DA:47,1
DA:49,1
DA:50,1
DA:52,1
DA:53,1
DA:58,2
DA:60,1
DA:61,1
DA:68,1
DA:69,1
DA:73,1
LF:31
LH:31
BRDA:12,0,0,1
BRDA:12,0,1,4
BRDA:29,1,0,5
BRDA:29,1,1,5
BRDA:32,2,0,2
BRDA:32,2,1,2
BRDA:53,3,0,0
BRDA:61,4,0,0
BRDA:68,5,0,1
BRDA:68,5,1,0
BRF:10
BRH:7
end_of_record
TN:
SF:src/events/push.ts
FN:7,(anonymous_0)
FNF:1
FNH:1
FNDA:1,(anonymous_0)
DA:1,1
DA:5,1
DA:7,1
DA:8,1
DA:10,1
DA:11,1
LF:6
LH:6
BRDA:10,0,0,1
BRDA:10,0,1,0
BRF:2
BRH:1
end_of_record
TN:
SF:src/events/workflow_dispatch.ts
FN:8,(anonymous_0)
FN:14,(anonymous_1)
FNF:2
FNH:2
FNDA:3,(anonymous_0)
FNDA:33,(anonymous_1)
DA:1,1
DA:5,1
DA:6,1
DA:8,1
DA:9,3
DA:13,3
DA:14,33
DA:16,3
DA:17,1
DA:20,2
DA:21,2
LF:11
LH:11
BRDA:16,0,0,1
BRDA:16,0,1,2
BRDA:16,1,0,3
BRDA:16,1,1,2
BRDA:20,2,0,2
BRDA:20,2,1,0
BRF:6
BRH:5
end_of_record
